
**** Build of configuration Debug for project EQ ****

"C:\\ti\\ccs620\\ccsv6\\utils\\bin\\gmake" -k all 
'Building file: ../processing.c'
'Invoking: C5500 Compiler'
"C:/ti/ccs620/ccsv6/tools/compiler/c5500_4.4.1/bin/cl55" -v5515 --memory_model=large -g --include_path="C:/ti/ccs620/ccsv6/tools/compiler/c5500_4.4.1/include" --include_path="C:/Users/xxSALExx/Desktop/OAiS DPS 2/Projekat1_update/EQ/c55xx_csl/inc" --include_path="C:/Users/xxSALExx/Desktop/OAiS DPS 2/Projekat1_update/EQ/include" --define=c5535 --diag_warning=225 --ptrdiff_size=16 --preproc_with_compile --preproc_dependency="processing.d"  "../processing.c"
"../processing.c", line 37: warning: variable "clip1" was declared but never referenced
"../processing.c", line 37: warning: variable "clip2" was declared but never referenced
"../processing.c", line 89: warning: variable "clip1" was declared but never referenced
"../processing.c", line 89: warning: variable "clip2" was declared but never referenced
"../processing.c", line 141: warning: variable "clip1" was declared but never referenced
"../processing.c", line 141: warning: variable "clip2" was declared but never referenced
'Finished building: ../processing.c'
' '
'Building target: EQ.out'
'Invoking: C5500 Linker'
"C:/ti/ccs620/ccsv6/tools/compiler/c5500_4.4.1/bin/cl55" -v5515 --memory_model=large -g --define=c5535 --diag_warning=225 --ptrdiff_size=16 -z -m"EQ.map" --stack_size=0x200 --heap_size=0x400 -i"C:/ti/ccs620/ccsv6/tools/compiler/c5500_4.4.1/lib" -i"C:/ti/ccs620/ccsv6/tools/compiler/c5500_4.4.1/include" -i"C:/Users/xxSALExx/Desktop/OAiS DPS 2/Projekat1_update/EQ/c55xx_csl/lib" -i"C:/Users/xxSALExx/Desktop/OAiS DPS 2/Projekat1_update/EQ/lib" --reread_libs --warn_sections --xml_link_info="vezba-ezdsp_linkInfo.xml" --rom_model --sys_stacksize=0x200 -o "EQ.out" "./aic3204.obj" "./aic3204_init.obj" "./ezdsp5535_aic3204_dma.obj" "./iir.obj" "./main.obj" "./print_number.obj" "./processing.obj" "../lnkx.cmd" "../c55xx_csl/lib/cslVC5505.lib" "../lib/ezdsp5535bsl.lib"  -lrts55x.lib -lezdsp5535bsl.lib -lcslVC5505.lib -llibc.a 
<Linking>
'Finished building target: EQ.out'
' '

**** Build Finished ****
