
**** Build of configuration Debug for project EQ sim ****

"C:\\ti\\ccs620\\ccsv6\\utils\\bin\\gmake" -k all 
'Building file: ../main.c'
'Invoking: C5500 Compiler'
"C:/ti/ccs620/ccsv6/tools/compiler/c5500_4.4.1/bin/cl55" -v5515 --memory_model=large -g --include_path="C:/ti/ccs620/ccsv6/tools/compiler/c5500_4.4.1/include" --include_path="C:/Users/xxSALExx/Desktop/OAiS DPS 2/Projekat1_update/EQ sim/include" --include_path="C:/Users/xxSALExx/Desktop/OAiS DPS 2/Projekat1_update/EQ sim/c55xx_csl/inc" --define=c5535 --display_error_number --diag_warning=225 --ptrdiff_size=16 --preproc_with_compile --preproc_dependency="main.d"  "../main.c"
"../main.c", line 194: warning #112-D: statement is unreachable
'Finished building: ../main.c'
' '
'Building target: EQ sim.out'
'Invoking: C5500 Linker'
"C:/ti/ccs620/ccsv6/tools/compiler/c5500_4.4.1/bin/cl55" -v5515 --memory_model=large -g --define=c5535 --display_error_number --diag_warning=225 --ptrdiff_size=16 -z -m"EQ sim.map" --stack_size=0x200 --heap_size=0x400 -i"C:/ti/ccs620/ccsv6/tools/compiler/c5500_4.4.1/lib" -i"C:/Users/xxSALExx/Desktop/OAiS DPS 2/Projekat1_update/EQ sim/c55xx_csl/lib" -i"C:/Users/xxSALExx/Desktop/OAiS DPS 2/Projekat1_update/EQ sim/lib" -i"C:/ti/ccs620/ccsv6/tools/compiler/c5500_4.4.1/include" --reread_libs --display_error_number --warn_sections --xml_link_info="EQ sim_linkInfo.xml" --rom_model --sys_stacksize=0x200 -o "EQ sim.out" "./EZDSP5535_SAR_sim.obj" "./aic3204.obj" "./aic3204_init.obj" "./ezdsp5535_aic3204_dma.obj" "./iir.obj" "./main.obj" "./print_number.obj" "./processing.obj" "../lnkx.cmd" "../c55xx_csl/lib/cslVC5505.lib" "../lib/ezdsp5535bsl.lib"  -llibc.a -lrts55h.lib -lcslVC5505.lib -lrts55x.lib -lezdsp5535bsl.lib 
<Linking>
'Finished building target: EQ sim.out'
' '

**** Build Finished ****

**** Build of configuration Debug for project EQ sim ****

"C:\\ti\\ccs620\\ccsv6\\utils\\bin\\gmake" -k all 
'Building file: ../main.c'
'Invoking: C5500 Compiler'
"C:/ti/ccs620/ccsv6/tools/compiler/c5500_4.4.1/bin/cl55" -v5515 --memory_model=large -g --include_path="C:/ti/ccs620/ccsv6/tools/compiler/c5500_4.4.1/include" --include_path="C:/Users/xxSALExx/Desktop/OAiS DPS 2/Projekat1_update/EQ sim/include" --include_path="C:/Users/xxSALExx/Desktop/OAiS DPS 2/Projekat1_update/EQ sim/c55xx_csl/inc" --define=c5535 --display_error_number --diag_warning=225 --ptrdiff_size=16 --preproc_with_compile --preproc_dependency="main.d"  "../main.c"
"../main.c", line 194: warning #112-D: statement is unreachable
'Finished building: ../main.c'
' '
'Building target: EQ sim.out'
'Invoking: C5500 Linker'
"C:/ti/ccs620/ccsv6/tools/compiler/c5500_4.4.1/bin/cl55" -v5515 --memory_model=large -g --define=c5535 --display_error_number --diag_warning=225 --ptrdiff_size=16 -z -m"EQ sim.map" --stack_size=0x200 --heap_size=0x400 -i"C:/ti/ccs620/ccsv6/tools/compiler/c5500_4.4.1/lib" -i"C:/Users/xxSALExx/Desktop/OAiS DPS 2/Projekat1_update/EQ sim/c55xx_csl/lib" -i"C:/Users/xxSALExx/Desktop/OAiS DPS 2/Projekat1_update/EQ sim/lib" -i"C:/ti/ccs620/ccsv6/tools/compiler/c5500_4.4.1/include" --reread_libs --display_error_number --warn_sections --xml_link_info="EQ sim_linkInfo.xml" --rom_model --sys_stacksize=0x200 -o "EQ sim.out" "./EZDSP5535_SAR_sim.obj" "./aic3204.obj" "./aic3204_init.obj" "./ezdsp5535_aic3204_dma.obj" "./iir.obj" "./main.obj" "./print_number.obj" "./processing.obj" "../lnkx.cmd" "../c55xx_csl/lib/cslVC5505.lib" "../lib/ezdsp5535bsl.lib"  -llibc.a -lrts55h.lib -lcslVC5505.lib -lrts55x.lib -lezdsp5535bsl.lib 
<Linking>
'Finished building target: EQ sim.out'
' '

**** Build Finished ****

**** Build of configuration Debug for project EQ sim ****

"C:\\ti\\ccs620\\ccsv6\\utils\\bin\\gmake" -k all 
'Building file: ../main.c'
'Invoking: C5500 Compiler'
"C:/ti/ccs620/ccsv6/tools/compiler/c5500_4.4.1/bin/cl55" -v5515 --memory_model=large -g --include_path="C:/ti/ccs620/ccsv6/tools/compiler/c5500_4.4.1/include" --include_path="C:/Users/xxSALExx/Desktop/OAiS DPS 2/Projekat1_update/EQ sim/include" --include_path="C:/Users/xxSALExx/Desktop/OAiS DPS 2/Projekat1_update/EQ sim/c55xx_csl/inc" --define=c5535 --display_error_number --diag_warning=225 --ptrdiff_size=16 --preproc_with_compile --preproc_dependency="main.d"  "../main.c"
"../main.c", line 194: warning #112-D: statement is unreachable
'Finished building: ../main.c'
' '
'Building target: EQ sim.out'
'Invoking: C5500 Linker'
"C:/ti/ccs620/ccsv6/tools/compiler/c5500_4.4.1/bin/cl55" -v5515 --memory_model=large -g --define=c5535 --display_error_number --diag_warning=225 --ptrdiff_size=16 -z -m"EQ sim.map" --stack_size=0x200 --heap_size=0x400 -i"C:/ti/ccs620/ccsv6/tools/compiler/c5500_4.4.1/lib" -i"C:/Users/xxSALExx/Desktop/OAiS DPS 2/Projekat1_update/EQ sim/c55xx_csl/lib" -i"C:/Users/xxSALExx/Desktop/OAiS DPS 2/Projekat1_update/EQ sim/lib" -i"C:/ti/ccs620/ccsv6/tools/compiler/c5500_4.4.1/include" --reread_libs --display_error_number --warn_sections --xml_link_info="EQ sim_linkInfo.xml" --rom_model --sys_stacksize=0x200 -o "EQ sim.out" "./EZDSP5535_SAR_sim.obj" "./aic3204.obj" "./aic3204_init.obj" "./ezdsp5535_aic3204_dma.obj" "./iir.obj" "./main.obj" "./print_number.obj" "./processing.obj" "../lnkx.cmd" "../c55xx_csl/lib/cslVC5505.lib" "../lib/ezdsp5535bsl.lib"  -llibc.a -lrts55h.lib -lcslVC5505.lib -lrts55x.lib -lezdsp5535bsl.lib 
<Linking>
'Finished building target: EQ sim.out'
' '

**** Build Finished ****

**** Build of configuration Debug for project EQ sim ****

"C:\\ti\\ccs620\\ccsv6\\utils\\bin\\gmake" -k all 
'Building file: ../main.c'
'Invoking: C5500 Compiler'
"C:/ti/ccs620/ccsv6/tools/compiler/c5500_4.4.1/bin/cl55" -v5515 --memory_model=large -g --include_path="C:/ti/ccs620/ccsv6/tools/compiler/c5500_4.4.1/include" --include_path="C:/Users/xxSALExx/Desktop/OAiS DPS 2/Projekat1_update/EQ sim/include" --include_path="C:/Users/xxSALExx/Desktop/OAiS DPS 2/Projekat1_update/EQ sim/c55xx_csl/inc" --define=c5535 --display_error_number --diag_warning=225 --ptrdiff_size=16 --preproc_with_compile --preproc_dependency="main.d"  "../main.c"
"../main.c", line 194: warning #112-D: statement is unreachable
'Finished building: ../main.c'
' '
'Building target: EQ sim.out'
'Invoking: C5500 Linker'
"C:/ti/ccs620/ccsv6/tools/compiler/c5500_4.4.1/bin/cl55" -v5515 --memory_model=large -g --define=c5535 --display_error_number --diag_warning=225 --ptrdiff_size=16 -z -m"EQ sim.map" --stack_size=0x200 --heap_size=0x400 -i"C:/ti/ccs620/ccsv6/tools/compiler/c5500_4.4.1/lib" -i"C:/Users/xxSALExx/Desktop/OAiS DPS 2/Projekat1_update/EQ sim/c55xx_csl/lib" -i"C:/Users/xxSALExx/Desktop/OAiS DPS 2/Projekat1_update/EQ sim/lib" -i"C:/ti/ccs620/ccsv6/tools/compiler/c5500_4.4.1/include" --reread_libs --display_error_number --warn_sections --xml_link_info="EQ sim_linkInfo.xml" --rom_model --sys_stacksize=0x200 -o "EQ sim.out" "./EZDSP5535_SAR_sim.obj" "./aic3204.obj" "./aic3204_init.obj" "./ezdsp5535_aic3204_dma.obj" "./iir.obj" "./main.obj" "./print_number.obj" "./processing.obj" "../lnkx.cmd" "../c55xx_csl/lib/cslVC5505.lib" "../lib/ezdsp5535bsl.lib"  -llibc.a -lrts55h.lib -lcslVC5505.lib -lrts55x.lib -lezdsp5535bsl.lib 
<Linking>
'Finished building target: EQ sim.out'
' '

**** Build Finished ****

**** Build of configuration Debug for project EQ sim ****

"C:\\ti\\ccs620\\ccsv6\\utils\\bin\\gmake" -k all 
'Building file: ../main.c'
'Invoking: C5500 Compiler'
"C:/ti/ccs620/ccsv6/tools/compiler/c5500_4.4.1/bin/cl55" -v5515 --memory_model=large -g --include_path="C:/ti/ccs620/ccsv6/tools/compiler/c5500_4.4.1/include" --include_path="C:/Users/xxSALExx/Desktop/OAiS DPS 2/Projekat1_update/EQ sim/include" --include_path="C:/Users/xxSALExx/Desktop/OAiS DPS 2/Projekat1_update/EQ sim/c55xx_csl/inc" --define=c5535 --display_error_number --diag_warning=225 --ptrdiff_size=16 --preproc_with_compile --preproc_dependency="main.d"  "../main.c"
"../main.c", line 194: warning #112-D: statement is unreachable
'Finished building: ../main.c'
' '
'Building target: EQ sim.out'
'Invoking: C5500 Linker'
"C:/ti/ccs620/ccsv6/tools/compiler/c5500_4.4.1/bin/cl55" -v5515 --memory_model=large -g --define=c5535 --display_error_number --diag_warning=225 --ptrdiff_size=16 -z -m"EQ sim.map" --stack_size=0x200 --heap_size=0x400 -i"C:/ti/ccs620/ccsv6/tools/compiler/c5500_4.4.1/lib" -i"C:/Users/xxSALExx/Desktop/OAiS DPS 2/Projekat1_update/EQ sim/c55xx_csl/lib" -i"C:/Users/xxSALExx/Desktop/OAiS DPS 2/Projekat1_update/EQ sim/lib" -i"C:/ti/ccs620/ccsv6/tools/compiler/c5500_4.4.1/include" --reread_libs --display_error_number --warn_sections --xml_link_info="EQ sim_linkInfo.xml" --rom_model --sys_stacksize=0x200 -o "EQ sim.out" "./EZDSP5535_SAR_sim.obj" "./aic3204.obj" "./aic3204_init.obj" "./ezdsp5535_aic3204_dma.obj" "./iir.obj" "./main.obj" "./print_number.obj" "./processing.obj" "../lnkx.cmd" "../c55xx_csl/lib/cslVC5505.lib" "../lib/ezdsp5535bsl.lib"  -llibc.a -lrts55h.lib -lcslVC5505.lib -lrts55x.lib -lezdsp5535bsl.lib 
<Linking>
'Finished building target: EQ sim.out'
' '

**** Build Finished ****

**** Build of configuration Debug for project EQ sim ****

"C:\\ti\\ccs620\\ccsv6\\utils\\bin\\gmake" -k all 
'Building file: ../main.c'
'Invoking: C5500 Compiler'
"C:/ti/ccs620/ccsv6/tools/compiler/c5500_4.4.1/bin/cl55" -v5515 --memory_model=large -g --include_path="C:/ti/ccs620/ccsv6/tools/compiler/c5500_4.4.1/include" --include_path="C:/Users/xxSALExx/Desktop/OAiS DPS 2/Projekat1_update/EQ sim/include" --include_path="C:/Users/xxSALExx/Desktop/OAiS DPS 2/Projekat1_update/EQ sim/c55xx_csl/inc" --define=c5535 --display_error_number --diag_warning=225 --ptrdiff_size=16 --preproc_with_compile --preproc_dependency="main.d"  "../main.c"
"../main.c", line 60: warning #69-D: integer conversion resulted in a change of sign
"../main.c", line 194: warning #112-D: statement is unreachable
'Finished building: ../main.c'
' '
'Building target: EQ sim.out'
'Invoking: C5500 Linker'
"C:/ti/ccs620/ccsv6/tools/compiler/c5500_4.4.1/bin/cl55" -v5515 --memory_model=large -g --define=c5535 --display_error_number --diag_warning=225 --ptrdiff_size=16 -z -m"EQ sim.map" --stack_size=0x200 --heap_size=0x400 -i"C:/ti/ccs620/ccsv6/tools/compiler/c5500_4.4.1/lib" -i"C:/Users/xxSALExx/Desktop/OAiS DPS 2/Projekat1_update/EQ sim/c55xx_csl/lib" -i"C:/Users/xxSALExx/Desktop/OAiS DPS 2/Projekat1_update/EQ sim/lib" -i"C:/ti/ccs620/ccsv6/tools/compiler/c5500_4.4.1/include" --reread_libs --display_error_number --warn_sections --xml_link_info="EQ sim_linkInfo.xml" --rom_model --sys_stacksize=0x200 -o "EQ sim.out" "./EZDSP5535_SAR_sim.obj" "./aic3204.obj" "./aic3204_init.obj" "./ezdsp5535_aic3204_dma.obj" "./iir.obj" "./main.obj" "./print_number.obj" "./processing.obj" "../lnkx.cmd" "../c55xx_csl/lib/cslVC5505.lib" "../lib/ezdsp5535bsl.lib"  -llibc.a -lrts55h.lib -lcslVC5505.lib -lrts55x.lib -lezdsp5535bsl.lib 
<Linking>
'Finished building target: EQ sim.out'
' '

**** Build Finished ****

**** Build of configuration Debug for project EQ sim ****

"C:\\ti\\ccs620\\ccsv6\\utils\\bin\\gmake" -k all 
'Building file: ../main.c'
'Invoking: C5500 Compiler'
"C:/ti/ccs620/ccsv6/tools/compiler/c5500_4.4.1/bin/cl55" -v5515 --memory_model=large -g --include_path="C:/ti/ccs620/ccsv6/tools/compiler/c5500_4.4.1/include" --include_path="C:/Users/xxSALExx/Desktop/OAiS DPS 2/Projekat1_update/EQ sim/include" --include_path="C:/Users/xxSALExx/Desktop/OAiS DPS 2/Projekat1_update/EQ sim/c55xx_csl/inc" --define=c5535 --display_error_number --diag_warning=225 --ptrdiff_size=16 --preproc_with_compile --preproc_dependency="main.d"  "../main.c"
"../main.c", line 194: warning #112-D: statement is unreachable
'Finished building: ../main.c'
' '
'Building target: EQ sim.out'
'Invoking: C5500 Linker'
"C:/ti/ccs620/ccsv6/tools/compiler/c5500_4.4.1/bin/cl55" -v5515 --memory_model=large -g --define=c5535 --display_error_number --diag_warning=225 --ptrdiff_size=16 -z -m"EQ sim.map" --stack_size=0x200 --heap_size=0x400 -i"C:/ti/ccs620/ccsv6/tools/compiler/c5500_4.4.1/lib" -i"C:/Users/xxSALExx/Desktop/OAiS DPS 2/Projekat1_update/EQ sim/c55xx_csl/lib" -i"C:/Users/xxSALExx/Desktop/OAiS DPS 2/Projekat1_update/EQ sim/lib" -i"C:/ti/ccs620/ccsv6/tools/compiler/c5500_4.4.1/include" --reread_libs --display_error_number --warn_sections --xml_link_info="EQ sim_linkInfo.xml" --rom_model --sys_stacksize=0x200 -o "EQ sim.out" "./EZDSP5535_SAR_sim.obj" "./aic3204.obj" "./aic3204_init.obj" "./ezdsp5535_aic3204_dma.obj" "./iir.obj" "./main.obj" "./print_number.obj" "./processing.obj" "../lnkx.cmd" "../c55xx_csl/lib/cslVC5505.lib" "../lib/ezdsp5535bsl.lib"  -llibc.a -lrts55h.lib -lcslVC5505.lib -lrts55x.lib -lezdsp5535bsl.lib 
<Linking>
'Finished building target: EQ sim.out'
' '

**** Build Finished ****

**** Build of configuration Debug for project EQ sim ****

"C:\\ti\\ccs620\\ccsv6\\utils\\bin\\gmake" -k all 
'Building file: ../main.c'
'Invoking: C5500 Compiler'
"C:/ti/ccs620/ccsv6/tools/compiler/c5500_4.4.1/bin/cl55" -v5515 --memory_model=large -g --include_path="C:/ti/ccs620/ccsv6/tools/compiler/c5500_4.4.1/include" --include_path="C:/Users/xxSALExx/Desktop/OAiS DPS 2/Projekat1_update/EQ sim/include" --include_path="C:/Users/xxSALExx/Desktop/OAiS DPS 2/Projekat1_update/EQ sim/c55xx_csl/inc" --define=c5535 --display_error_number --diag_warning=225 --ptrdiff_size=16 --preproc_with_compile --preproc_dependency="main.d"  "../main.c"
"../main.c", line 194: warning #112-D: statement is unreachable
'Finished building: ../main.c'
' '
'Building target: EQ sim.out'
'Invoking: C5500 Linker'
"C:/ti/ccs620/ccsv6/tools/compiler/c5500_4.4.1/bin/cl55" -v5515 --memory_model=large -g --define=c5535 --display_error_number --diag_warning=225 --ptrdiff_size=16 -z -m"EQ sim.map" --stack_size=0x200 --heap_size=0x400 -i"C:/ti/ccs620/ccsv6/tools/compiler/c5500_4.4.1/lib" -i"C:/Users/xxSALExx/Desktop/OAiS DPS 2/Projekat1_update/EQ sim/c55xx_csl/lib" -i"C:/Users/xxSALExx/Desktop/OAiS DPS 2/Projekat1_update/EQ sim/lib" -i"C:/ti/ccs620/ccsv6/tools/compiler/c5500_4.4.1/include" --reread_libs --display_error_number --warn_sections --xml_link_info="EQ sim_linkInfo.xml" --rom_model --sys_stacksize=0x200 -o "EQ sim.out" "./EZDSP5535_SAR_sim.obj" "./aic3204.obj" "./aic3204_init.obj" "./ezdsp5535_aic3204_dma.obj" "./iir.obj" "./main.obj" "./print_number.obj" "./processing.obj" "../lnkx.cmd" "../c55xx_csl/lib/cslVC5505.lib" "../lib/ezdsp5535bsl.lib"  -llibc.a -lrts55h.lib -lcslVC5505.lib -lrts55x.lib -lezdsp5535bsl.lib 
<Linking>
'Finished building target: EQ sim.out'
' '

**** Build Finished ****

**** Build of configuration Debug for project EQ sim ****

"C:\\ti\\ccs620\\ccsv6\\utils\\bin\\gmake" -k all 
'Building file: ../main.c'
'Invoking: C5500 Compiler'
"C:/ti/ccs620/ccsv6/tools/compiler/c5500_4.4.1/bin/cl55" -v5515 --memory_model=large -g --include_path="C:/ti/ccs620/ccsv6/tools/compiler/c5500_4.4.1/include" --include_path="C:/Users/xxSALExx/Desktop/OAiS DPS 2/Projekat1_update/EQ sim/include" --include_path="C:/Users/xxSALExx/Desktop/OAiS DPS 2/Projekat1_update/EQ sim/c55xx_csl/inc" --define=c5535 --display_error_number --diag_warning=225 --ptrdiff_size=16 --preproc_with_compile --preproc_dependency="main.d"  "../main.c"
"../main.c", line 194: warning #112-D: statement is unreachable
'Finished building: ../main.c'
' '
'Building target: EQ sim.out'
'Invoking: C5500 Linker'
"C:/ti/ccs620/ccsv6/tools/compiler/c5500_4.4.1/bin/cl55" -v5515 --memory_model=large -g --define=c5535 --display_error_number --diag_warning=225 --ptrdiff_size=16 -z -m"EQ sim.map" --stack_size=0x200 --heap_size=0x400 -i"C:/ti/ccs620/ccsv6/tools/compiler/c5500_4.4.1/lib" -i"C:/Users/xxSALExx/Desktop/OAiS DPS 2/Projekat1_update/EQ sim/c55xx_csl/lib" -i"C:/Users/xxSALExx/Desktop/OAiS DPS 2/Projekat1_update/EQ sim/lib" -i"C:/ti/ccs620/ccsv6/tools/compiler/c5500_4.4.1/include" --reread_libs --display_error_number --warn_sections --xml_link_info="EQ sim_linkInfo.xml" --rom_model --sys_stacksize=0x200 -o "EQ sim.out" "./EZDSP5535_SAR_sim.obj" "./aic3204.obj" "./aic3204_init.obj" "./ezdsp5535_aic3204_dma.obj" "./iir.obj" "./main.obj" "./print_number.obj" "./processing.obj" "../lnkx.cmd" "../c55xx_csl/lib/cslVC5505.lib" "../lib/ezdsp5535bsl.lib"  -llibc.a -lrts55h.lib -lcslVC5505.lib -lrts55x.lib -lezdsp5535bsl.lib 
<Linking>
'Finished building target: EQ sim.out'
' '

**** Build Finished ****

**** Build of configuration Debug for project EQ sim ****

"C:\\ti\\ccs620\\ccsv6\\utils\\bin\\gmake" -k all 
'Building file: ../main.c'
'Invoking: C5500 Compiler'
"C:/ti/ccs620/ccsv6/tools/compiler/c5500_4.4.1/bin/cl55" -v5515 --memory_model=large -g --include_path="C:/ti/ccs620/ccsv6/tools/compiler/c5500_4.4.1/include" --include_path="C:/Users/xxSALExx/Desktop/OAiS DPS 2/Projekat1_update/EQ sim/include" --include_path="C:/Users/xxSALExx/Desktop/OAiS DPS 2/Projekat1_update/EQ sim/c55xx_csl/inc" --define=c5535 --display_error_number --diag_warning=225 --ptrdiff_size=16 --preproc_with_compile --preproc_dependency="main.d"  "../main.c"
"../main.c", line 194: warning #112-D: statement is unreachable
'Finished building: ../main.c'
' '
'Building target: EQ sim.out'
'Invoking: C5500 Linker'
"C:/ti/ccs620/ccsv6/tools/compiler/c5500_4.4.1/bin/cl55" -v5515 --memory_model=large -g --define=c5535 --display_error_number --diag_warning=225 --ptrdiff_size=16 -z -m"EQ sim.map" --stack_size=0x200 --heap_size=0x400 -i"C:/ti/ccs620/ccsv6/tools/compiler/c5500_4.4.1/lib" -i"C:/Users/xxSALExx/Desktop/OAiS DPS 2/Projekat1_update/EQ sim/c55xx_csl/lib" -i"C:/Users/xxSALExx/Desktop/OAiS DPS 2/Projekat1_update/EQ sim/lib" -i"C:/ti/ccs620/ccsv6/tools/compiler/c5500_4.4.1/include" --reread_libs --display_error_number --warn_sections --xml_link_info="EQ sim_linkInfo.xml" --rom_model --sys_stacksize=0x200 -o "EQ sim.out" "./EZDSP5535_SAR_sim.obj" "./aic3204.obj" "./aic3204_init.obj" "./ezdsp5535_aic3204_dma.obj" "./iir.obj" "./main.obj" "./print_number.obj" "./processing.obj" "../lnkx.cmd" "../c55xx_csl/lib/cslVC5505.lib" "../lib/ezdsp5535bsl.lib"  -llibc.a -lrts55h.lib -lcslVC5505.lib -lrts55x.lib -lezdsp5535bsl.lib 
<Linking>
'Finished building target: EQ sim.out'
' '

**** Build Finished ****

**** Build of configuration Debug for project EQ sim ****

"C:\\ti\\ccs620\\ccsv6\\utils\\bin\\gmake" -k all 
'Building file: ../main.c'
'Invoking: C5500 Compiler'
"C:/ti/ccs620/ccsv6/tools/compiler/c5500_4.4.1/bin/cl55" -v5515 --memory_model=large -g --include_path="C:/ti/ccs620/ccsv6/tools/compiler/c5500_4.4.1/include" --include_path="C:/Users/xxSALExx/Desktop/OAiS DPS 2/Projekat1_update/EQ sim/include" --include_path="C:/Users/xxSALExx/Desktop/OAiS DPS 2/Projekat1_update/EQ sim/c55xx_csl/inc" --define=c5535 --display_error_number --diag_warning=225 --ptrdiff_size=16 --preproc_with_compile --preproc_dependency="main.d"  "../main.c"
"../main.c", line 194: warning #112-D: statement is unreachable
"../main.c", line 75: warning #552-D: variable "dirac_impulse" was set but never used
'Finished building: ../main.c'
' '
'Building target: EQ sim.out'
'Invoking: C5500 Linker'
"C:/ti/ccs620/ccsv6/tools/compiler/c5500_4.4.1/bin/cl55" -v5515 --memory_model=large -g --define=c5535 --display_error_number --diag_warning=225 --ptrdiff_size=16 -z -m"EQ sim.map" --stack_size=0x200 --heap_size=0x400 -i"C:/ti/ccs620/ccsv6/tools/compiler/c5500_4.4.1/lib" -i"C:/Users/xxSALExx/Desktop/OAiS DPS 2/Projekat1_update/EQ sim/c55xx_csl/lib" -i"C:/Users/xxSALExx/Desktop/OAiS DPS 2/Projekat1_update/EQ sim/lib" -i"C:/ti/ccs620/ccsv6/tools/compiler/c5500_4.4.1/include" --reread_libs --display_error_number --warn_sections --xml_link_info="EQ sim_linkInfo.xml" --rom_model --sys_stacksize=0x200 -o "EQ sim.out" "./EZDSP5535_SAR_sim.obj" "./aic3204.obj" "./aic3204_init.obj" "./ezdsp5535_aic3204_dma.obj" "./iir.obj" "./main.obj" "./print_number.obj" "./processing.obj" "../lnkx.cmd" "../c55xx_csl/lib/cslVC5505.lib" "../lib/ezdsp5535bsl.lib"  -llibc.a -lrts55h.lib -lcslVC5505.lib -lrts55x.lib -lezdsp5535bsl.lib 
<Linking>
'Finished building target: EQ sim.out'
' '

**** Build Finished ****

**** Build of configuration Debug for project EQ sim ****

"C:\\ti\\ccs620\\ccsv6\\utils\\bin\\gmake" -k all 
'Building file: ../main.c'
'Invoking: C5500 Compiler'
"C:/ti/ccs620/ccsv6/tools/compiler/c5500_4.4.1/bin/cl55" -v5515 --memory_model=large -g --include_path="C:/ti/ccs620/ccsv6/tools/compiler/c5500_4.4.1/include" --include_path="C:/Users/xxSALExx/Desktop/OAiS DPS 2/Projekat1_update/EQ sim/include" --include_path="C:/Users/xxSALExx/Desktop/OAiS DPS 2/Projekat1_update/EQ sim/c55xx_csl/inc" --define=c5535 --display_error_number --diag_warning=225 --ptrdiff_size=16 --preproc_with_compile --preproc_dependency="main.d"  "../main.c"
"../main.c", line 194: warning #112-D: statement is unreachable
'Finished building: ../main.c'
' '
'Building target: EQ sim.out'
'Invoking: C5500 Linker'
"C:/ti/ccs620/ccsv6/tools/compiler/c5500_4.4.1/bin/cl55" -v5515 --memory_model=large -g --define=c5535 --display_error_number --diag_warning=225 --ptrdiff_size=16 -z -m"EQ sim.map" --stack_size=0x200 --heap_size=0x400 -i"C:/ti/ccs620/ccsv6/tools/compiler/c5500_4.4.1/lib" -i"C:/Users/xxSALExx/Desktop/OAiS DPS 2/Projekat1_update/EQ sim/c55xx_csl/lib" -i"C:/Users/xxSALExx/Desktop/OAiS DPS 2/Projekat1_update/EQ sim/lib" -i"C:/ti/ccs620/ccsv6/tools/compiler/c5500_4.4.1/include" --reread_libs --display_error_number --warn_sections --xml_link_info="EQ sim_linkInfo.xml" --rom_model --sys_stacksize=0x200 -o "EQ sim.out" "./EZDSP5535_SAR_sim.obj" "./aic3204.obj" "./aic3204_init.obj" "./ezdsp5535_aic3204_dma.obj" "./iir.obj" "./main.obj" "./print_number.obj" "./processing.obj" "../lnkx.cmd" "../c55xx_csl/lib/cslVC5505.lib" "../lib/ezdsp5535bsl.lib"  -llibc.a -lrts55h.lib -lcslVC5505.lib -lrts55x.lib -lezdsp5535bsl.lib 
<Linking>
'Finished building target: EQ sim.out'
' '

**** Build Finished ****

**** Build of configuration Debug for project EQ sim ****

"C:\\ti\\ccs620\\ccsv6\\utils\\bin\\gmake" -k all 
'Building file: ../main.c'
'Invoking: C5500 Compiler'
"C:/ti/ccs620/ccsv6/tools/compiler/c5500_4.4.1/bin/cl55" -v5515 --memory_model=large -g --include_path="C:/ti/ccs620/ccsv6/tools/compiler/c5500_4.4.1/include" --include_path="C:/Users/xxSALExx/Desktop/OAiS DPS 2/Projekat1_update/EQ sim/include" --include_path="C:/Users/xxSALExx/Desktop/OAiS DPS 2/Projekat1_update/EQ sim/c55xx_csl/inc" --define=c5535 --display_error_number --diag_warning=225 --ptrdiff_size=16 --preproc_with_compile --preproc_dependency="main.d"  "../main.c"
"../main.c", line 194: warning #112-D: statement is unreachable
'Finished building: ../main.c'
' '
'Building target: EQ sim.out'
'Invoking: C5500 Linker'
"C:/ti/ccs620/ccsv6/tools/compiler/c5500_4.4.1/bin/cl55" -v5515 --memory_model=large -g --define=c5535 --display_error_number --diag_warning=225 --ptrdiff_size=16 -z -m"EQ sim.map" --stack_size=0x200 --heap_size=0x400 -i"C:/ti/ccs620/ccsv6/tools/compiler/c5500_4.4.1/lib" -i"C:/Users/xxSALExx/Desktop/OAiS DPS 2/Projekat1_update/EQ sim/c55xx_csl/lib" -i"C:/Users/xxSALExx/Desktop/OAiS DPS 2/Projekat1_update/EQ sim/lib" -i"C:/ti/ccs620/ccsv6/tools/compiler/c5500_4.4.1/include" --reread_libs --display_error_number --warn_sections --xml_link_info="EQ sim_linkInfo.xml" --rom_model --sys_stacksize=0x200 -o "EQ sim.out" "./EZDSP5535_SAR_sim.obj" "./aic3204.obj" "./aic3204_init.obj" "./ezdsp5535_aic3204_dma.obj" "./iir.obj" "./main.obj" "./print_number.obj" "./processing.obj" "../lnkx.cmd" "../c55xx_csl/lib/cslVC5505.lib" "../lib/ezdsp5535bsl.lib"  -llibc.a -lrts55h.lib -lcslVC5505.lib -lrts55x.lib -lezdsp5535bsl.lib 
<Linking>
'Finished building target: EQ sim.out'
' '

**** Build Finished ****

**** Build of configuration Debug for project EQ sim ****

"C:\\ti\\ccs620\\ccsv6\\utils\\bin\\gmake" -k all 
'Building file: ../main.c'
'Invoking: C5500 Compiler'
"C:/ti/ccs620/ccsv6/tools/compiler/c5500_4.4.1/bin/cl55" -v5515 --memory_model=large -g --include_path="C:/ti/ccs620/ccsv6/tools/compiler/c5500_4.4.1/include" --include_path="C:/Users/xxSALExx/Desktop/OAiS DPS 2/Projekat1_update/EQ sim/include" --include_path="C:/Users/xxSALExx/Desktop/OAiS DPS 2/Projekat1_update/EQ sim/c55xx_csl/inc" --define=c5535 --display_error_number --diag_warning=225 --ptrdiff_size=16 --preproc_with_compile --preproc_dependency="main.d"  "../main.c"
"../main.c", line 194: warning #112-D: statement is unreachable
'Finished building: ../main.c'
' '
'Building target: EQ sim.out'
'Invoking: C5500 Linker'
"C:/ti/ccs620/ccsv6/tools/compiler/c5500_4.4.1/bin/cl55" -v5515 --memory_model=large -g --define=c5535 --display_error_number --diag_warning=225 --ptrdiff_size=16 -z -m"EQ sim.map" --stack_size=0x200 --heap_size=0x400 -i"C:/ti/ccs620/ccsv6/tools/compiler/c5500_4.4.1/lib" -i"C:/Users/xxSALExx/Desktop/OAiS DPS 2/Projekat1_update/EQ sim/c55xx_csl/lib" -i"C:/Users/xxSALExx/Desktop/OAiS DPS 2/Projekat1_update/EQ sim/lib" -i"C:/ti/ccs620/ccsv6/tools/compiler/c5500_4.4.1/include" --reread_libs --display_error_number --warn_sections --xml_link_info="EQ sim_linkInfo.xml" --rom_model --sys_stacksize=0x200 -o "EQ sim.out" "./EZDSP5535_SAR_sim.obj" "./aic3204.obj" "./aic3204_init.obj" "./ezdsp5535_aic3204_dma.obj" "./iir.obj" "./main.obj" "./print_number.obj" "./processing.obj" "../lnkx.cmd" "../c55xx_csl/lib/cslVC5505.lib" "../lib/ezdsp5535bsl.lib"  -llibc.a -lrts55h.lib -lcslVC5505.lib -lrts55x.lib -lezdsp5535bsl.lib 
<Linking>
'Finished building target: EQ sim.out'
' '

**** Build Finished ****

**** Build of configuration Debug for project EQ sim ****

"C:\\ti\\ccs620\\ccsv6\\utils\\bin\\gmake" -k all 
'Building file: ../main.c'
'Invoking: C5500 Compiler'
"C:/ti/ccs620/ccsv6/tools/compiler/c5500_4.4.1/bin/cl55" -v5515 --memory_model=large -g --include_path="C:/ti/ccs620/ccsv6/tools/compiler/c5500_4.4.1/include" --include_path="C:/Users/xxSALExx/Desktop/OAiS DPS 2/Projekat1_update/EQ sim/include" --include_path="C:/Users/xxSALExx/Desktop/OAiS DPS 2/Projekat1_update/EQ sim/c55xx_csl/inc" --define=c5535 --display_error_number --diag_warning=225 --ptrdiff_size=16 --preproc_with_compile --preproc_dependency="main.d"  "../main.c"
"../main.c", line 194: warning #112-D: statement is unreachable
'Finished building: ../main.c'
' '
'Building target: EQ sim.out'
'Invoking: C5500 Linker'
"C:/ti/ccs620/ccsv6/tools/compiler/c5500_4.4.1/bin/cl55" -v5515 --memory_model=large -g --define=c5535 --display_error_number --diag_warning=225 --ptrdiff_size=16 -z -m"EQ sim.map" --stack_size=0x200 --heap_size=0x400 -i"C:/ti/ccs620/ccsv6/tools/compiler/c5500_4.4.1/lib" -i"C:/Users/xxSALExx/Desktop/OAiS DPS 2/Projekat1_update/EQ sim/c55xx_csl/lib" -i"C:/Users/xxSALExx/Desktop/OAiS DPS 2/Projekat1_update/EQ sim/lib" -i"C:/ti/ccs620/ccsv6/tools/compiler/c5500_4.4.1/include" --reread_libs --display_error_number --warn_sections --xml_link_info="EQ sim_linkInfo.xml" --rom_model --sys_stacksize=0x200 -o "EQ sim.out" "./EZDSP5535_SAR_sim.obj" "./aic3204.obj" "./aic3204_init.obj" "./ezdsp5535_aic3204_dma.obj" "./iir.obj" "./main.obj" "./print_number.obj" "./processing.obj" "../lnkx.cmd" "../c55xx_csl/lib/cslVC5505.lib" "../lib/ezdsp5535bsl.lib"  -llibc.a -lrts55h.lib -lcslVC5505.lib -lrts55x.lib -lezdsp5535bsl.lib 
<Linking>
'Finished building target: EQ sim.out'
' '

**** Build Finished ****

**** Build of configuration Debug for project EQ sim ****

"C:\\ti\\ccs620\\ccsv6\\utils\\bin\\gmake" -k all 
'Building file: ../main.c'
'Invoking: C5500 Compiler'
"C:/ti/ccs620/ccsv6/tools/compiler/c5500_4.4.1/bin/cl55" -v5515 --memory_model=large -g --include_path="C:/ti/ccs620/ccsv6/tools/compiler/c5500_4.4.1/include" --include_path="C:/Users/xxSALExx/Desktop/OAiS DPS 2/Projekat1_update/EQ sim/include" --include_path="C:/Users/xxSALExx/Desktop/OAiS DPS 2/Projekat1_update/EQ sim/c55xx_csl/inc" --define=c5535 --display_error_number --diag_warning=225 --ptrdiff_size=16 --preproc_with_compile --preproc_dependency="main.d"  "../main.c"
"../main.c", line 194: warning #112-D: statement is unreachable
'Finished building: ../main.c'
' '
'Building target: EQ sim.out'
'Invoking: C5500 Linker'
"C:/ti/ccs620/ccsv6/tools/compiler/c5500_4.4.1/bin/cl55" -v5515 --memory_model=large -g --define=c5535 --display_error_number --diag_warning=225 --ptrdiff_size=16 -z -m"EQ sim.map" --stack_size=0x200 --heap_size=0x400 -i"C:/ti/ccs620/ccsv6/tools/compiler/c5500_4.4.1/lib" -i"C:/Users/xxSALExx/Desktop/OAiS DPS 2/Projekat1_update/EQ sim/c55xx_csl/lib" -i"C:/Users/xxSALExx/Desktop/OAiS DPS 2/Projekat1_update/EQ sim/lib" -i"C:/ti/ccs620/ccsv6/tools/compiler/c5500_4.4.1/include" --reread_libs --display_error_number --warn_sections --xml_link_info="EQ sim_linkInfo.xml" --rom_model --sys_stacksize=0x200 -o "EQ sim.out" "./EZDSP5535_SAR_sim.obj" "./aic3204.obj" "./aic3204_init.obj" "./ezdsp5535_aic3204_dma.obj" "./iir.obj" "./main.obj" "./print_number.obj" "./processing.obj" "../lnkx.cmd" "../c55xx_csl/lib/cslVC5505.lib" "../lib/ezdsp5535bsl.lib"  -llibc.a -lrts55h.lib -lcslVC5505.lib -lrts55x.lib -lezdsp5535bsl.lib 
<Linking>
'Finished building target: EQ sim.out'
' '

**** Build Finished ****

**** Build of configuration Debug for project EQ sim ****

"C:\\ti\\ccs620\\ccsv6\\utils\\bin\\gmake" -k all 
'Building file: ../main.c'
'Invoking: C5500 Compiler'
"C:/ti/ccs620/ccsv6/tools/compiler/c5500_4.4.1/bin/cl55" -v5515 --memory_model=large -g --include_path="C:/ti/ccs620/ccsv6/tools/compiler/c5500_4.4.1/include" --include_path="C:/Users/xxSALExx/Desktop/OAiS DPS 2/Projekat1_update/EQ sim/include" --include_path="C:/Users/xxSALExx/Desktop/OAiS DPS 2/Projekat1_update/EQ sim/c55xx_csl/inc" --define=c5535 --display_error_number --diag_warning=225 --ptrdiff_size=16 --preproc_with_compile --preproc_dependency="main.d"  "../main.c"
"../main.c", line 194: warning #112-D: statement is unreachable
'Finished building: ../main.c'
' '
'Building target: EQ sim.out'
'Invoking: C5500 Linker'
"C:/ti/ccs620/ccsv6/tools/compiler/c5500_4.4.1/bin/cl55" -v5515 --memory_model=large -g --define=c5535 --display_error_number --diag_warning=225 --ptrdiff_size=16 -z -m"EQ sim.map" --stack_size=0x200 --heap_size=0x400 -i"C:/ti/ccs620/ccsv6/tools/compiler/c5500_4.4.1/lib" -i"C:/Users/xxSALExx/Desktop/OAiS DPS 2/Projekat1_update/EQ sim/c55xx_csl/lib" -i"C:/Users/xxSALExx/Desktop/OAiS DPS 2/Projekat1_update/EQ sim/lib" -i"C:/ti/ccs620/ccsv6/tools/compiler/c5500_4.4.1/include" --reread_libs --display_error_number --warn_sections --xml_link_info="EQ sim_linkInfo.xml" --rom_model --sys_stacksize=0x200 -o "EQ sim.out" "./EZDSP5535_SAR_sim.obj" "./aic3204.obj" "./aic3204_init.obj" "./ezdsp5535_aic3204_dma.obj" "./iir.obj" "./main.obj" "./print_number.obj" "./processing.obj" "../lnkx.cmd" "../c55xx_csl/lib/cslVC5505.lib" "../lib/ezdsp5535bsl.lib"  -llibc.a -lrts55h.lib -lcslVC5505.lib -lrts55x.lib -lezdsp5535bsl.lib 
<Linking>
'Finished building target: EQ sim.out'
' '

**** Build Finished ****

**** Build of configuration Debug for project EQ sim ****

"C:\\ti\\ccs620\\ccsv6\\utils\\bin\\gmake" -k all 
'Building file: ../main.c'
'Invoking: C5500 Compiler'
"C:/ti/ccs620/ccsv6/tools/compiler/c5500_4.4.1/bin/cl55" -v5515 --memory_model=large -g --include_path="C:/ti/ccs620/ccsv6/tools/compiler/c5500_4.4.1/include" --include_path="C:/Users/xxSALExx/Desktop/OAiS DPS 2/Projekat1_update/EQ sim/include" --include_path="C:/Users/xxSALExx/Desktop/OAiS DPS 2/Projekat1_update/EQ sim/c55xx_csl/inc" --define=c5535 --display_error_number --diag_warning=225 --ptrdiff_size=16 --preproc_with_compile --preproc_dependency="main.d"  "../main.c"
"../main.c", line 194: warning #112-D: statement is unreachable
'Finished building: ../main.c'
' '
'Building target: EQ sim.out'
'Invoking: C5500 Linker'
"C:/ti/ccs620/ccsv6/tools/compiler/c5500_4.4.1/bin/cl55" -v5515 --memory_model=large -g --define=c5535 --display_error_number --diag_warning=225 --ptrdiff_size=16 -z -m"EQ sim.map" --stack_size=0x200 --heap_size=0x400 -i"C:/ti/ccs620/ccsv6/tools/compiler/c5500_4.4.1/lib" -i"C:/Users/xxSALExx/Desktop/OAiS DPS 2/Projekat1_update/EQ sim/c55xx_csl/lib" -i"C:/Users/xxSALExx/Desktop/OAiS DPS 2/Projekat1_update/EQ sim/lib" -i"C:/ti/ccs620/ccsv6/tools/compiler/c5500_4.4.1/include" --reread_libs --display_error_number --warn_sections --xml_link_info="EQ sim_linkInfo.xml" --rom_model --sys_stacksize=0x200 -o "EQ sim.out" "./EZDSP5535_SAR_sim.obj" "./aic3204.obj" "./aic3204_init.obj" "./ezdsp5535_aic3204_dma.obj" "./iir.obj" "./main.obj" "./print_number.obj" "./processing.obj" "../lnkx.cmd" "../c55xx_csl/lib/cslVC5505.lib" "../lib/ezdsp5535bsl.lib"  -llibc.a -lrts55h.lib -lcslVC5505.lib -lrts55x.lib -lezdsp5535bsl.lib 
<Linking>
'Finished building target: EQ sim.out'
' '

**** Build Finished ****

**** Build of configuration Debug for project EQ sim ****

"C:\\ti\\ccs620\\ccsv6\\utils\\bin\\gmake" -k all 
'Building file: ../main.c'
'Invoking: C5500 Compiler'
"C:/ti/ccs620/ccsv6/tools/compiler/c5500_4.4.1/bin/cl55" -v5515 --memory_model=large -g --include_path="C:/ti/ccs620/ccsv6/tools/compiler/c5500_4.4.1/include" --include_path="C:/Users/xxSALExx/Desktop/OAiS DPS 2/Projekat1_update/EQ sim/include" --include_path="C:/Users/xxSALExx/Desktop/OAiS DPS 2/Projekat1_update/EQ sim/c55xx_csl/inc" --define=c5535 --display_error_number --diag_warning=225 --ptrdiff_size=16 --preproc_with_compile --preproc_dependency="main.d"  "../main.c"
"../main.c", line 194: warning #112-D: statement is unreachable
'Finished building: ../main.c'
' '
'Building target: EQ sim.out'
'Invoking: C5500 Linker'
"C:/ti/ccs620/ccsv6/tools/compiler/c5500_4.4.1/bin/cl55" -v5515 --memory_model=large -g --define=c5535 --display_error_number --diag_warning=225 --ptrdiff_size=16 -z -m"EQ sim.map" --stack_size=0x200 --heap_size=0x400 -i"C:/ti/ccs620/ccsv6/tools/compiler/c5500_4.4.1/lib" -i"C:/Users/xxSALExx/Desktop/OAiS DPS 2/Projekat1_update/EQ sim/c55xx_csl/lib" -i"C:/Users/xxSALExx/Desktop/OAiS DPS 2/Projekat1_update/EQ sim/lib" -i"C:/ti/ccs620/ccsv6/tools/compiler/c5500_4.4.1/include" --reread_libs --display_error_number --warn_sections --xml_link_info="EQ sim_linkInfo.xml" --rom_model --sys_stacksize=0x200 -o "EQ sim.out" "./EZDSP5535_SAR_sim.obj" "./aic3204.obj" "./aic3204_init.obj" "./ezdsp5535_aic3204_dma.obj" "./iir.obj" "./main.obj" "./print_number.obj" "./processing.obj" "../lnkx.cmd" "../c55xx_csl/lib/cslVC5505.lib" "../lib/ezdsp5535bsl.lib"  -llibc.a -lrts55h.lib -lcslVC5505.lib -lrts55x.lib -lezdsp5535bsl.lib 
<Linking>
'Finished building target: EQ sim.out'
' '

**** Build Finished ****

**** Build of configuration Debug for project EQ sim ****

"C:\\ti\\ccs620\\ccsv6\\utils\\bin\\gmake" -k all 
'Building file: ../main.c'
'Invoking: C5500 Compiler'
"C:/ti/ccs620/ccsv6/tools/compiler/c5500_4.4.1/bin/cl55" -v5515 --memory_model=large -g --include_path="C:/ti/ccs620/ccsv6/tools/compiler/c5500_4.4.1/include" --include_path="C:/Users/xxSALExx/Desktop/OAiS DPS 2/Projekat1_update/EQ sim/include" --include_path="C:/Users/xxSALExx/Desktop/OAiS DPS 2/Projekat1_update/EQ sim/c55xx_csl/inc" --define=c5535 --display_error_number --diag_warning=225 --ptrdiff_size=16 --preproc_with_compile --preproc_dependency="main.d"  "../main.c"
"../main.c", line 194: warning #112-D: statement is unreachable
'Finished building: ../main.c'
' '
'Building target: EQ sim.out'
'Invoking: C5500 Linker'
"C:/ti/ccs620/ccsv6/tools/compiler/c5500_4.4.1/bin/cl55" -v5515 --memory_model=large -g --define=c5535 --display_error_number --diag_warning=225 --ptrdiff_size=16 -z -m"EQ sim.map" --stack_size=0x200 --heap_size=0x400 -i"C:/ti/ccs620/ccsv6/tools/compiler/c5500_4.4.1/lib" -i"C:/Users/xxSALExx/Desktop/OAiS DPS 2/Projekat1_update/EQ sim/c55xx_csl/lib" -i"C:/Users/xxSALExx/Desktop/OAiS DPS 2/Projekat1_update/EQ sim/lib" -i"C:/ti/ccs620/ccsv6/tools/compiler/c5500_4.4.1/include" --reread_libs --display_error_number --warn_sections --xml_link_info="EQ sim_linkInfo.xml" --rom_model --sys_stacksize=0x200 -o "EQ sim.out" "./EZDSP5535_SAR_sim.obj" "./aic3204.obj" "./aic3204_init.obj" "./ezdsp5535_aic3204_dma.obj" "./iir.obj" "./main.obj" "./print_number.obj" "./processing.obj" "../lnkx.cmd" "../c55xx_csl/lib/cslVC5505.lib" "../lib/ezdsp5535bsl.lib"  -llibc.a -lrts55h.lib -lcslVC5505.lib -lrts55x.lib -lezdsp5535bsl.lib 
<Linking>
'Finished building target: EQ sim.out'
' '

**** Build Finished ****

**** Build of configuration Debug for project EQ sim ****

"C:\\ti\\ccs620\\ccsv6\\utils\\bin\\gmake" -k all 
gmake: Nothing to be done for 'all'.

**** Build Finished ****

**** Build of configuration Debug for project EQ sim ****

"C:\\ti\\ccs620\\ccsv6\\utils\\bin\\gmake" -k all 
'Building file: ../main.c'
'Invoking: C5500 Compiler'
"C:/ti/ccs620/ccsv6/tools/compiler/c5500_4.4.1/bin/cl55" -v5515 --memory_model=large -g --include_path="C:/ti/ccs620/ccsv6/tools/compiler/c5500_4.4.1/include" --include_path="C:/Users/xxSALExx/Desktop/OAiS DPS 2/Projekat1_update/EQ sim/include" --include_path="C:/Users/xxSALExx/Desktop/OAiS DPS 2/Projekat1_update/EQ sim/c55xx_csl/inc" --define=c5535 --display_error_number --diag_warning=225 --ptrdiff_size=16 --preproc_with_compile --preproc_dependency="main.d"  "../main.c"
"../main.c", line 194: warning #112-D: statement is unreachable
'Finished building: ../main.c'
' '
'Building target: EQ sim.out'
'Invoking: C5500 Linker'
"C:/ti/ccs620/ccsv6/tools/compiler/c5500_4.4.1/bin/cl55" -v5515 --memory_model=large -g --define=c5535 --display_error_number --diag_warning=225 --ptrdiff_size=16 -z -m"EQ sim.map" --stack_size=0x200 --heap_size=0x400 -i"C:/ti/ccs620/ccsv6/tools/compiler/c5500_4.4.1/lib" -i"C:/Users/xxSALExx/Desktop/OAiS DPS 2/Projekat1_update/EQ sim/c55xx_csl/lib" -i"C:/Users/xxSALExx/Desktop/OAiS DPS 2/Projekat1_update/EQ sim/lib" -i"C:/ti/ccs620/ccsv6/tools/compiler/c5500_4.4.1/include" --reread_libs --display_error_number --warn_sections --xml_link_info="EQ sim_linkInfo.xml" --rom_model --sys_stacksize=0x200 -o "EQ sim.out" "./EZDSP5535_SAR_sim.obj" "./aic3204.obj" "./aic3204_init.obj" "./ezdsp5535_aic3204_dma.obj" "./iir.obj" "./main.obj" "./print_number.obj" "./processing.obj" "../lnkx.cmd" "../c55xx_csl/lib/cslVC5505.lib" "../lib/ezdsp5535bsl.lib"  -llibc.a -lrts55h.lib -lcslVC5505.lib -lrts55x.lib -lezdsp5535bsl.lib 
<Linking>
'Finished building target: EQ sim.out'
' '

**** Build Finished ****

**** Build of configuration Debug for project EQ sim ****

"C:\\ti\\ccs620\\ccsv6\\utils\\bin\\gmake" -k all 
'Building file: ../main.c'
'Invoking: C5500 Compiler'
"C:/ti/ccs620/ccsv6/tools/compiler/c5500_4.4.1/bin/cl55" -v5515 --memory_model=large -g --include_path="C:/ti/ccs620/ccsv6/tools/compiler/c5500_4.4.1/include" --include_path="C:/Users/xxSALExx/Desktop/OAiS DPS 2/Projekat1_update/EQ sim/include" --include_path="C:/Users/xxSALExx/Desktop/OAiS DPS 2/Projekat1_update/EQ sim/c55xx_csl/inc" --define=c5535 --display_error_number --diag_warning=225 --ptrdiff_size=16 --preproc_with_compile --preproc_dependency="main.d"  "../main.c"
"../main.c", line 194: warning #112-D: statement is unreachable
'Finished building: ../main.c'
' '
'Building target: EQ sim.out'
'Invoking: C5500 Linker'
"C:/ti/ccs620/ccsv6/tools/compiler/c5500_4.4.1/bin/cl55" -v5515 --memory_model=large -g --define=c5535 --display_error_number --diag_warning=225 --ptrdiff_size=16 -z -m"EQ sim.map" --stack_size=0x200 --heap_size=0x400 -i"C:/ti/ccs620/ccsv6/tools/compiler/c5500_4.4.1/lib" -i"C:/Users/xxSALExx/Desktop/OAiS DPS 2/Projekat1_update/EQ sim/c55xx_csl/lib" -i"C:/Users/xxSALExx/Desktop/OAiS DPS 2/Projekat1_update/EQ sim/lib" -i"C:/ti/ccs620/ccsv6/tools/compiler/c5500_4.4.1/include" --reread_libs --display_error_number --warn_sections --xml_link_info="EQ sim_linkInfo.xml" --rom_model --sys_stacksize=0x200 -o "EQ sim.out" "./EZDSP5535_SAR_sim.obj" "./aic3204.obj" "./aic3204_init.obj" "./ezdsp5535_aic3204_dma.obj" "./iir.obj" "./main.obj" "./print_number.obj" "./processing.obj" "../lnkx.cmd" "../c55xx_csl/lib/cslVC5505.lib" "../lib/ezdsp5535bsl.lib"  -llibc.a -lrts55h.lib -lcslVC5505.lib -lrts55x.lib -lezdsp5535bsl.lib 
<Linking>
'Finished building target: EQ sim.out'
' '

**** Build Finished ****

**** Build of configuration Debug for project EQ sim ****

"C:\\ti\\ccs620\\ccsv6\\utils\\bin\\gmake" -k all 
gmake: Nothing to be done for 'all'.

**** Build Finished ****

**** Build of configuration Debug for project EQ sim ****

"C:\\ti\\ccs620\\ccsv6\\utils\\bin\\gmake" -k all 
'Building file: ../main.c'
'Invoking: C5500 Compiler'
"C:/ti/ccs620/ccsv6/tools/compiler/c5500_4.4.1/bin/cl55" -v5515 --memory_model=large -g --include_path="C:/ti/ccs620/ccsv6/tools/compiler/c5500_4.4.1/include" --include_path="C:/Users/xxSALExx/Desktop/OAiS DPS 2/Projekat1_update/EQ sim/include" --include_path="C:/Users/xxSALExx/Desktop/OAiS DPS 2/Projekat1_update/EQ sim/c55xx_csl/inc" --define=c5535 --display_error_number --diag_warning=225 --ptrdiff_size=16 --preproc_with_compile --preproc_dependency="main.d"  "../main.c"
"../main.c", line 195: warning #112-D: statement is unreachable
'Finished building: ../main.c'
' '
'Building target: EQ sim.out'
'Invoking: C5500 Linker'
"C:/ti/ccs620/ccsv6/tools/compiler/c5500_4.4.1/bin/cl55" -v5515 --memory_model=large -g --define=c5535 --display_error_number --diag_warning=225 --ptrdiff_size=16 -z -m"EQ sim.map" --stack_size=0x200 --heap_size=0x400 -i"C:/ti/ccs620/ccsv6/tools/compiler/c5500_4.4.1/lib" -i"C:/Users/xxSALExx/Desktop/OAiS DPS 2/Projekat1_update/EQ sim/c55xx_csl/lib" -i"C:/Users/xxSALExx/Desktop/OAiS DPS 2/Projekat1_update/EQ sim/lib" -i"C:/ti/ccs620/ccsv6/tools/compiler/c5500_4.4.1/include" --reread_libs --display_error_number --warn_sections --xml_link_info="EQ sim_linkInfo.xml" --rom_model --sys_stacksize=0x200 -o "EQ sim.out" "./EZDSP5535_SAR_sim.obj" "./aic3204.obj" "./aic3204_init.obj" "./ezdsp5535_aic3204_dma.obj" "./iir.obj" "./main.obj" "./print_number.obj" "./processing.obj" "../lnkx.cmd" "../c55xx_csl/lib/cslVC5505.lib" "../lib/ezdsp5535bsl.lib"  -llibc.a -lrts55h.lib -lcslVC5505.lib -lrts55x.lib -lezdsp5535bsl.lib 
<Linking>
'Finished building target: EQ sim.out'
' '

**** Build Finished ****

**** Build of configuration Debug for project EQ sim ****

"C:\\ti\\ccs620\\ccsv6\\utils\\bin\\gmake" -k all 
'Building file: ../main.c'
'Invoking: C5500 Compiler'
"C:/ti/ccs620/ccsv6/tools/compiler/c5500_4.4.1/bin/cl55" -v5515 --memory_model=large -g --include_path="C:/ti/ccs620/ccsv6/tools/compiler/c5500_4.4.1/include" --include_path="C:/Users/xxSALExx/Desktop/OAiS DPS 2/Projekat1_update/EQ sim/include" --include_path="C:/Users/xxSALExx/Desktop/OAiS DPS 2/Projekat1_update/EQ sim/c55xx_csl/inc" --define=c5535 --display_error_number --diag_warning=225 --ptrdiff_size=16 --preproc_with_compile --preproc_dependency="main.d"  "../main.c"
"../main.c", line 195: warning #112-D: statement is unreachable
'Finished building: ../main.c'
' '
'Building target: EQ sim.out'
'Invoking: C5500 Linker'
"C:/ti/ccs620/ccsv6/tools/compiler/c5500_4.4.1/bin/cl55" -v5515 --memory_model=large -g --define=c5535 --display_error_number --diag_warning=225 --ptrdiff_size=16 -z -m"EQ sim.map" --stack_size=0x200 --heap_size=0x400 -i"C:/ti/ccs620/ccsv6/tools/compiler/c5500_4.4.1/lib" -i"C:/Users/xxSALExx/Desktop/OAiS DPS 2/Projekat1_update/EQ sim/c55xx_csl/lib" -i"C:/Users/xxSALExx/Desktop/OAiS DPS 2/Projekat1_update/EQ sim/lib" -i"C:/ti/ccs620/ccsv6/tools/compiler/c5500_4.4.1/include" --reread_libs --display_error_number --warn_sections --xml_link_info="EQ sim_linkInfo.xml" --rom_model --sys_stacksize=0x200 -o "EQ sim.out" "./EZDSP5535_SAR_sim.obj" "./aic3204.obj" "./aic3204_init.obj" "./ezdsp5535_aic3204_dma.obj" "./iir.obj" "./main.obj" "./print_number.obj" "./processing.obj" "../lnkx.cmd" "../c55xx_csl/lib/cslVC5505.lib" "../lib/ezdsp5535bsl.lib"  -llibc.a -lrts55h.lib -lcslVC5505.lib -lrts55x.lib -lezdsp5535bsl.lib 
<Linking>
'Finished building target: EQ sim.out'
' '

**** Build Finished ****

**** Build of configuration Debug for project EQ sim ****

"C:\\ti\\ccs620\\ccsv6\\utils\\bin\\gmake" -k all 
'Building file: ../main.c'
'Invoking: C5500 Compiler'
"C:/ti/ccs620/ccsv6/tools/compiler/c5500_4.4.1/bin/cl55" -v5515 --memory_model=large -g --include_path="C:/ti/ccs620/ccsv6/tools/compiler/c5500_4.4.1/include" --include_path="C:/Users/xxSALExx/Desktop/OAiS DPS 2/Projekat1/EQ sim/include" --include_path="C:/Users/xxSALExx/Desktop/OAiS DPS 2/Projekat1/EQ sim/c55xx_csl/inc" --define=c5535 --display_error_number --diag_warning=225 --ptrdiff_size=16 --preproc_with_compile --preproc_dependency="main.d"  "../main.c"
"../main.c", line 193: warning #112-D: statement is unreachable
'Finished building: ../main.c'
' '
'Building target: EQ sim.out'
'Invoking: C5500 Linker'
"C:/ti/ccs620/ccsv6/tools/compiler/c5500_4.4.1/bin/cl55" -v5515 --memory_model=large -g --define=c5535 --display_error_number --diag_warning=225 --ptrdiff_size=16 -z -m"EQ sim.map" --stack_size=0x200 --heap_size=0x400 -i"C:/ti/ccs620/ccsv6/tools/compiler/c5500_4.4.1/lib" -i"C:/Users/xxSALExx/Desktop/OAiS DPS 2/Projekat1/EQ sim/c55xx_csl/lib" -i"C:/Users/xxSALExx/Desktop/OAiS DPS 2/Projekat1/EQ sim/lib" -i"C:/ti/ccs620/ccsv6/tools/compiler/c5500_4.4.1/include" --reread_libs --display_error_number --warn_sections --xml_link_info="EQ sim_linkInfo.xml" --rom_model --sys_stacksize=0x200 -o "EQ sim.out" "./EZDSP5535_SAR_sim.obj" "./aic3204.obj" "./aic3204_init.obj" "./ezdsp5535_aic3204_dma.obj" "./iir.obj" "./main.obj" "./print_number.obj" "./processing.obj" "../lnkx.cmd" "../c55xx_csl/lib/cslVC5505.lib" "../lib/ezdsp5535bsl.lib"  -llibc.a -lrts55h.lib -lcslVC5505.lib -lrts55x.lib -lezdsp5535bsl.lib 
<Linking>
'Finished building target: EQ sim.out'
' '

**** Build Finished ****
